Сборка начата 21.09.2019 16:58:12.
     1>Проект "D:\лабы\2курс\япэ\lab_13\lab13\lab13\lab13.vcxproj" в узле 2 (целевые объекты Build).
     1>InitializeBuildStatus:
         Создание "Debug\lab13.tlog\unsuccessfulbuild", так как было задано "AlwaysCreate".
       ClCompile:
         C:\Program Files (x86)\Microsoft Visual Studio\2017\Community\VC\Tools\MSVC\14.16.27023\bin\HostX86\x86\CL.exe /c /ZI /JMC /nologo /W3 /WX- /diagnostics:classic /sdl /Od /Oy- /D _MBCS /Gm- /EHsc /RTC1 /MDd /GS /fp:precise /permissive- /Zc:wchar_t /Zc:forScope /Zc:inline /Fo"Debug\\" /Fd"Debug\vc141.pdb" /Gd /TP /analyze- /FC /errorReport:prompt Log.cpp
         Log.cpp
       Link:
         C:\Program Files (x86)\Microsoft Visual Studio\2017\Community\VC\Tools\MSVC\14.16.27023\bin\HostX86\x86\link.exe /ERRORREPORT:PROMPT /OUT:"D:\лабы\2курс\япэ\lab_13\lab13\Debug\lab13.exe" /INCREMENTAL /NOLOGO kernel32.lib user32.lib gdi32.lib winspool.lib comdlg32.lib advapi32.lib shell32.lib ole32.lib oleaut32.lib uuid.lib odbc32.lib odbccp32.lib /MANIFEST /MANIFESTUAC:"level='asInvoker' uiAccess='false'" /manifest:embed /DEBUG:FASTLINK /PDB:"D:\лабы\2курс\япэ\lab_13\lab13\Debug\lab13.pdb" /TLBID:1 /DYNAMICBASE /NXCOMPAT /IMPLIB:"D:\лабы\2курс\япэ\lab_13\lab13\Debug\lab13.lib" /MACHINE:X86 Debug\Error.obj
         Debug\FST.obj
         Debug\In.obj
         Debug\IT.obj
         Debug\LAB_13.obj
         Debug\Log.obj
         Debug\LT.obj
         Debug\Parm.obj
         Debug\Recognize.obj
         lab13.vcxproj -> D:\лабы\2курс\япэ\lab_13\lab13\Debug\lab13.exe
       FinalizeBuildStatus:
         Файл "Debug\lab13.tlog\unsuccessfulbuild" удаляется.
         Обращение к "Debug\lab13.tlog\lab13.lastbuildstate".
     1>Сборка проекта "D:\лабы\2курс\япэ\lab_13\lab13\lab13\lab13.vcxproj" завершена (целевые объекты Build).

Сборка успешно завершена.
    Предупреждений: 0
    Ошибок: 0

Прошло времени 00:00:01.82
