Сборка начата 28.09.2019 1:05:10.
     1>Проект "D:\лабы\2курс\япэ\lab_13\lab13\lab13\lab13.vcxproj" в узле 2 (целевые объекты Build).
     1>PrepareForBuild:
         Создание каталога "D:\лабы\2курс\япэ\lab_13\lab13\x64\Debug\".
         Создание каталога "x64\Debug\lab14.tlog\".
       InitializeBuildStatus:
         Создание "x64\Debug\lab14.tlog\unsuccessfulbuild", так как было задано "AlwaysCreate".
       ClCompile:
         C:\Program Files (x86)\Microsoft Visual Studio\2017\Community\VC\Tools\MSVC\14.16.27023\bin\HostX86\x64\CL.exe /c /ZI /JMC /nologo /W3 /WX- /diagnostics:classic /sdl /Od /D _MBCS /Gm- /EHsc /RTC1 /MDd /GS /fp:precise /permissive- /Zc:wchar_t /Zc:forScope /Zc:inline /Fo"x64\Debug\\" /Fd"x64\Debug\vc141.pdb" /Gd /TP /FC /errorReport:prompt Error.cpp FST.cpp In.cpp IT.cpp LAB_13.cpp Log.cpp LT.cpp Parm.cpp Recognize.cpp
         Error.cpp
         FST.cpp
     1>d:\лабы\2курс\япэ\lab_13\lab13\lab13\fst.cpp(58): warning C4267: инициализация: преобразование из "size_t" в "short"; возможна потеря данных
         In.cpp
         IT.cpp
         LAB_13.cpp
         Log.cpp
     1>d:\лабы\2курс\япэ\lab_13\lab13\lab13\log.cpp(58): warning C4267: инициализация: преобразование из "size_t" в "int"; возможна потеря данных
     1>d:\лабы\2курс\япэ\lab_13\lab13\lab13\log.cpp(60): warning C4267: =: преобразование из "size_t" в "int"; возможна потеря данных
     1>d:\лабы\2курс\япэ\lab_13\lab13\lab13\log.cpp(62): warning C4267: =: преобразование из "size_t" в "int"; возможна потеря данных
         LT.cpp
         Parm.cpp
     1>d:\лабы\2курс\япэ\lab_13\lab13\lab13\parm.cpp(25): warning C4267: инициализация: преобразование из "size_t" в "int"; возможна потеря данных
         Recognize.cpp
     1>d:\лабы\2курс\япэ\lab_13\lab13\lab13\recognize.cpp(357): warning C4267: =: преобразование из "size_t" в "int"; возможна потеря данных
         Создание кода...
       Link:
         C:\Program Files (x86)\Microsoft Visual Studio\2017\Community\VC\Tools\MSVC\14.16.27023\bin\HostX86\x64\link.exe /ERRORREPORT:PROMPT /OUT:"D:\лабы\2курс\япэ\lab_13\lab13\x64\Debug\lab14.exe" /INCREMENTAL /NOLOGO kernel32.lib user32.lib gdi32.lib winspool.lib comdlg32.lib advapi32.lib shell32.lib ole32.lib oleaut32.lib uuid.lib odbc32.lib odbccp32.lib /MANIFEST /MANIFESTUAC:"level='asInvoker' uiAccess='false'" /manifest:embed /DEBUG:FASTLINK /PDB:"D:\лабы\2курс\япэ\lab_13\lab13\x64\Debug\lab14.pdb" /TLBID:1 /DYNAMICBASE /NXCOMPAT /IMPLIB:"D:\лабы\2курс\япэ\lab_13\lab13\x64\Debug\lab14.lib" /MACHINE:X64 x64\Debug\Error.obj
         x64\Debug\FST.obj
         x64\Debug\In.obj
         x64\Debug\IT.obj
         x64\Debug\LAB_13.obj
         x64\Debug\Log.obj
         x64\Debug\LT.obj
         x64\Debug\Parm.obj
         x64\Debug\Recognize.obj
         lab13.vcxproj -> D:\лабы\2курс\япэ\lab_13\lab13\x64\Debug\lab14.exe
       FinalizeBuildStatus:
         Файл "x64\Debug\lab14.tlog\unsuccessfulbuild" удаляется.
         Обращение к "x64\Debug\lab14.tlog\lab14.lastbuildstate".
     1>Сборка проекта "D:\лабы\2курс\япэ\lab_13\lab13\lab13\lab13.vcxproj" завершена (целевые объекты Build).

Сборка успешно завершена.

       "D:\лабы\2курс\япэ\lab_13\lab13\lab13\lab13.vcxproj" (целевой объект Build ) (1) ->
       (ClCompile конечный объект) -> 
         d:\лабы\2курс\япэ\lab_13\lab13\lab13\fst.cpp(58): warning C4267: инициализация: преобразование из "size_t" в "short"; возможна потеря данных
         d:\лабы\2курс\япэ\lab_13\lab13\lab13\log.cpp(58): warning C4267: инициализация: преобразование из "size_t" в "int"; возможна потеря данных
         d:\лабы\2курс\япэ\lab_13\lab13\lab13\log.cpp(60): warning C4267: =: преобразование из "size_t" в "int"; возможна потеря данных
         d:\лабы\2курс\япэ\lab_13\lab13\lab13\log.cpp(62): warning C4267: =: преобразование из "size_t" в "int"; возможна потеря данных
         d:\лабы\2курс\япэ\lab_13\lab13\lab13\parm.cpp(25): warning C4267: инициализация: преобразование из "size_t" в "int"; возможна потеря данных
         d:\лабы\2курс\япэ\lab_13\lab13\lab13\recognize.cpp(357): warning C4267: =: преобразование из "size_t" в "int"; возможна потеря данных

    Предупреждений: 6
    Ошибок: 0

Прошло времени 00:00:07.17
